Determining if the pthread_create exist failed with the following output:
Change Dir: /home/xieyajin/Documents/OnlineImageProcess/build-Server-Desktop-Default/CMakeFiles/CMakeTmp

Run Build Command:/usr/bin/make "cmTryCompileExec2832495415/fast"
/usr/bin/make -f CMakeFiles/cmTryCompileExec2832495415.dir/build.make CMakeFiles/cmTryCompileExec2832495415.dir/build
make[1]: Entering directory `/home/xieyajin/Documents/OnlineImageProcess/build-Server-Desktop-Default/CMakeFiles/CMakeTmp'
/usr/bin/cmake -E cmake_progress_report /home/xieyajin/Documents/OnlineImageProcess/build-Server-Desktop-Default/CMakeFiles/CMakeTmp/CMakeFiles 1
Building C object CMakeFiles/cmTryCompileExec2832495415.dir/CheckSymbolExists.c.o
/usr/bin/cc    -o CMakeFiles/cmTryCompileExec2832495415.dir/CheckSymbolExists.c.o   -c /home/xieyajin/Documents/OnlineImageProcess/build-Server-Desktop-Default/CMakeFiles/CMakeTmp/CheckSymbolExists.c
Linking C executable cmTryCompileExec2832495415
/usr/bin/cmake -E cmake_link_script CMakeFiles/cmTryCompileExec2832495415.dir/link.txt --verbose=1
/usr/bin/cc       CMakeFiles/cmTryCompileExec2832495415.dir/CheckSymbolExists.c.o  -o cmTryCompileExec2832495415 -rdynamic 
CMakeFiles/cmTryCompileExec2832495415.dir/CheckSymbolExists.c.o: In function `main':
CheckSymbolExists.c:(.text+0x16): undefined reference to `pthread_create'
collect2: error: ld returned 1 exit status
make[1]: *** [cmTryCompileExec2832495415] Error 1
make[1]: Leaving directory `/home/xieyajin/Documents/OnlineImageProcess/build-Server-Desktop-Default/CMakeFiles/CMakeTmp'
make: *** [cmTryCompileExec2832495415/fast] Error 2

File /home/xieyajin/Documents/OnlineImageProcess/build-Server-Desktop-Default/CMakeFiles/CMakeTmp/CheckSymbolExists.c:
/* */
#include <pthread.h>

int main(int argc, char** argv)
{
  (void)argv;
#ifndef pthread_create
  return ((int*)(&pthread_create))[argc];
#else
  (void)argc;
  return 0;
#endif
}

Determining if the function pthread_create exists in the pthreads failed with the following output:
Change Dir: /home/xieyajin/Documents/OnlineImageProcess/build-Server-Desktop-Default/CMakeFiles/CMakeTmp

Run Build Command:/usr/bin/make "cmTryCompileExec2017353089/fast"
/usr/bin/make -f CMakeFiles/cmTryCompileExec2017353089.dir/build.make CMakeFiles/cmTryCompileExec2017353089.dir/build
make[1]: Entering directory `/home/xieyajin/Documents/OnlineImageProcess/build-Server-Desktop-Default/CMakeFiles/CMakeTmp'
/usr/bin/cmake -E cmake_progress_report /home/xieyajin/Documents/OnlineImageProcess/build-Server-Desktop-Default/CMakeFiles/CMakeTmp/CMakeFiles 1
Building C object CMakeFiles/cmTryCompileExec2017353089.dir/CheckFunctionExists.c.o
/usr/bin/cc   -DCHECK_FUNCTION_EXISTS=pthread_create   -o CMakeFiles/cmTryCompileExec2017353089.dir/CheckFunctionExists.c.o   -c /usr/share/cmake-2.8/Modules/CheckFunctionExists.c
Linking C executable cmTryCompileExec2017353089
/usr/bin/cmake -E cmake_link_script CMakeFiles/cmTryCompileExec2017353089.dir/link.txt --verbose=1
/usr/bin/cc   -DCHECK_FUNCTION_EXISTS=pthread_create    CMakeFiles/cmTryCompileExec2017353089.dir/CheckFunctionExists.c.o  -o cmTryCompileExec2017353089 -rdynamic -lpthreads 
/usr/bin/ld: cannot find -lpthreads
collect2: error: ld returned 1 exit status
make[1]: Leaving directory `/home/xieyajin/Documents/OnlineImageProcess/build-Server-Desktop-Default/CMakeFiles/CMakeTmp'
make[1]: *** [cmTryCompileExec2017353089] Error 1
make: *** [cmTryCompileExec2017353089/fast] Error 2


